<?xml version="1.0" encoding="UTF-8"?>
<testng-results skipped="0" failed="0" total="1" passed="1">
  <reporter-output>
  </reporter-output>
  <suite name="Default suite" duration-ms="25052" started-at="2016-08-19T14:01:30Z" finished-at="2016-08-19T14:01:55Z">
    <groups>
    </groups>
    <test name="Default test" duration-ms="25052" started-at="2016-08-19T14:01:30Z" finished-at="2016-08-19T14:01:55Z">
      <class name="testng.CheckBoxesTesting2">
        <test-method status="PASS" signature="checkBoxesTest()[pri:0, instance:testng.CheckBoxesTesting2@7049cca1]" name="checkBoxesTest" duration-ms="25019" started-at="2016-08-19T19:31:30Z" finished-at="2016-08-19T19:31:55Z">
          <reporter-output>
          </reporter-output>
        </test-method> <!-- checkBoxesTest -->
      </class> <!-- testng.CheckBoxesTesting2 -->
    </test> <!-- Default test -->
  </suite> <!-- Default suite -->
</testng-results>
